<?xml version="1.0" encoding="UTF-8" ?>
<testsuite failures="0" time="4.995" errors="0" skipped="0" tests="5" name="org.jsuffixarrays.BPRTest">
  <properties>
[...]
</properties>
  <testcase time="0.015" classname="org.jsuffixarrays.BPRTest" name="checkBanana"/>
  <testcase time="0.003" classname="org.jsuffixarrays.BPRTest" name="checkMississippi"/>
  <testcase time="1.708" classname="org.jsuffixarrays.BPRTest" name="sameResultWithArraySlice"/>
  <testcase time="3.247" classname="org.jsuffixarrays.BPRTest" name="invariantsOnRandomSmallAlphabet"/>
  <testcase time="0" classname="org.jsuffixarrays.BPRTest" name="invariantsOnRandomLargeAlphabet"/>
</testsuite>